<?xml version="1.0" encoding="UTF-8"?>
<!-- Generated by org.testng.reporters.JUnitXMLReporter -->
<testsuite ignored="2" hostname="DESKTOP-OT5J5RV" failures="0" tests="1" name="Test" time="13.788" errors="0" timestamp="2024-11-06T18:35:40 IST">
  <testcase classname="com.selenium.ltisample.AppTest" name="searchCucumber" time="13.664"/>
  <testcase classname="com.selenium.ltisample.AppTest" name="searchSelenium" time="0.0">
    <ignored/>
  </testcase> <!-- searchSelenium -->
  <testcase classname="com.selenium.ltisample.AppTest" name="searchApple" time="0.0">
    <ignored/>
  </testcase> <!-- searchApple -->
</testsuite> <!-- Test -->
