<?xml version="1.0" encoding="UTF-8"?>
<testng-results ignored="2" total="3" passed="1" failed="0" skipped="0">
  <reporter-output>
  </reporter-output>
  <suite started-at="2024-11-06T18:35:26 IST" name="Suite" finished-at="2024-11-06T18:35:40 IST" duration-ms="13788">
    <groups>
      <group name="regression">
        <method signature="AppTest.searchCucumber(java.lang.String)[pri:0, instance:com.selenium.ltisample.AppTest@fba92d3]" name="searchCucumber" class="com.selenium.ltisample.AppTest"/>
      </group> <!-- regression -->
    </groups>
    <test started-at="2024-11-06T18:35:26 IST" name="Test" finished-at="2024-11-06T18:35:40 IST" duration-ms="13788">
      <class name="com.selenium.ltisample.AppTest">
        <test-method signature="searchCucumber(java.lang.String)[pri:0, instance:com.selenium.ltisample.AppTest@fba92d3]" started-at="2024-11-06T18:35:26 IST" name="searchCucumber" finished-at="2024-11-06T18:35:40 IST" duration-ms="13664" status="PASS">
          <params>
            <param index="0">
              <value>
                <![CDATA[firefox]]>
              </value>
            </param>
          </params>
          <reporter-output>
          </reporter-output>
        </test-method> <!-- searchCucumber -->
      </class> <!-- com.selenium.ltisample.AppTest -->
    </test> <!-- Test -->
  </suite> <!-- Suite -->
</testng-results>
